<?xml version="1.0" encoding="UTF-8"?>
<testng-results skipped="0" failed="0" ignored="0" total="2" passed="2">
  <reporter-output>
  </reporter-output>
  <suite name="com.qa.testcases.LoginPageTest" duration-ms="29389" started-at="2020-12-03T09:01:09Z" finished-at="2020-12-03T09:01:39Z">
    <groups>
    </groups>
    <test name="Command line test" duration-ms="29389" started-at="2020-12-03T09:01:09Z" finished-at="2020-12-03T09:01:39Z">
      <class name="com.qa.testcases.LoginPageTest">
        <test-method status="PASS" signature="setUp()[pri:0, instance:com.qa.testcases.LoginPageTest@79698539]" name="setUp" is-config="true" duration-ms="11793" started-at="2020-12-03T09:01:09Z" finished-at="2020-12-03T09:01:21Z">
          <reporter-output>
          </reporter-output>
        </test-method> <!-- setUp -->
        <test-method status="PASS" signature="loginPageTitleTest()[pri:1, instance:com.qa.testcases.LoginPageTest@79698539]" name="loginPageTitleTest" duration-ms="17" started-at="2020-12-03T09:01:21Z" finished-at="2020-12-03T09:01:21Z">
          <reporter-output>
          </reporter-output>
        </test-method> <!-- loginPageTitleTest -->
        <test-method status="PASS" signature="tearDown()[pri:0, instance:com.qa.testcases.LoginPageTest@79698539]" name="tearDown" is-config="true" duration-ms="1067" started-at="2020-12-03T09:01:21Z" finished-at="2020-12-03T09:01:22Z">
          <reporter-output>
          </reporter-output>
        </test-method> <!-- tearDown -->
        <test-method status="PASS" signature="setUp()[pri:0, instance:com.qa.testcases.LoginPageTest@79698539]" name="setUp" is-config="true" duration-ms="9146" started-at="2020-12-03T09:01:22Z" finished-at="2020-12-03T09:01:31Z">
          <reporter-output>
          </reporter-output>
        </test-method> <!-- setUp -->
        <test-method status="PASS" signature="loginTest()[pri:2, instance:com.qa.testcases.LoginPageTest@79698539]" name="loginTest" duration-ms="5761" started-at="2020-12-03T09:01:31Z" finished-at="2020-12-03T09:01:37Z">
          <reporter-output>
          </reporter-output>
        </test-method> <!-- loginTest -->
        <test-method status="PASS" signature="tearDown()[pri:0, instance:com.qa.testcases.LoginPageTest@79698539]" name="tearDown" is-config="true" duration-ms="1554" started-at="2020-12-03T09:01:37Z" finished-at="2020-12-03T09:01:39Z">
          <reporter-output>
          </reporter-output>
        </test-method> <!-- tearDown -->
      </class> <!-- com.qa.testcases.LoginPageTest -->
    </test> <!-- Command line test -->
  </suite> <!-- com.qa.testcases.LoginPageTest -->
</testng-results>
