<?xml version="1.0" encoding="UTF-8"?>
<testng-results skipped="0" failed="0" ignored="0" total="2" passed="2">
  <reporter-output>
  </reporter-output>
  <suite name="com.qa.testcases.LoginPageTest" duration-ms="26424" started-at="2020-12-03T10:37:15Z" finished-at="2020-12-03T10:37:42Z">
    <groups>
    </groups>
    <test name="Command line test" duration-ms="26424" started-at="2020-12-03T10:37:15Z" finished-at="2020-12-03T10:37:42Z">
      <class name="com.qa.testcases.LoginPageTest">
        <test-method status="PASS" signature="setUp()[pri:0, instance:com.qa.testcases.LoginPageTest@735f7ae5]" name="setUp" is-config="true" duration-ms="10405" started-at="2020-12-03T10:37:15Z" finished-at="2020-12-03T10:37:26Z">
          <reporter-output>
          </reporter-output>
        </test-method> <!-- setUp -->
        <test-method status="PASS" signature="loginPageTitleTest()[pri:1, instance:com.qa.testcases.LoginPageTest@735f7ae5]" name="loginPageTitleTest" duration-ms="14" started-at="2020-12-03T10:37:26Z" finished-at="2020-12-03T10:37:26Z">
          <reporter-output>
          </reporter-output>
        </test-method> <!-- loginPageTitleTest -->
        <test-method status="PASS" signature="tearDown()[pri:0, instance:com.qa.testcases.LoginPageTest@735f7ae5]" name="tearDown" is-config="true" duration-ms="1002" started-at="2020-12-03T10:37:26Z" finished-at="2020-12-03T10:37:27Z">
          <reporter-output>
          </reporter-output>
        </test-method> <!-- tearDown -->
        <test-method status="PASS" signature="setUp()[pri:0, instance:com.qa.testcases.LoginPageTest@735f7ae5]" name="setUp" is-config="true" duration-ms="8013" started-at="2020-12-03T10:37:27Z" finished-at="2020-12-03T10:37:35Z">
          <reporter-output>
          </reporter-output>
        </test-method> <!-- setUp -->
        <test-method status="PASS" signature="loginTest()[pri:2, instance:com.qa.testcases.LoginPageTest@735f7ae5]" name="loginTest" duration-ms="5694" started-at="2020-12-03T10:37:35Z" finished-at="2020-12-03T10:37:41Z">
          <reporter-output>
          </reporter-output>
        </test-method> <!-- loginTest -->
        <test-method status="PASS" signature="tearDown()[pri:0, instance:com.qa.testcases.LoginPageTest@735f7ae5]" name="tearDown" is-config="true" duration-ms="1241" started-at="2020-12-03T10:37:41Z" finished-at="2020-12-03T10:37:42Z">
          <reporter-output>
          </reporter-output>
        </test-method> <!-- tearDown -->
      </class> <!-- com.qa.testcases.LoginPageTest -->
    </test> <!-- Command line test -->
  </suite> <!-- com.qa.testcases.LoginPageTest -->
</testng-results>
