<?xml version="1.0" encoding="UTF-8"?>
<testng-results skipped="0" failed="0" ignored="0" total="2" passed="2">
  <reporter-output>
  </reporter-output>
  <suite name="Suite" duration-ms="25555" started-at="2020-12-03T10:45:47Z" finished-at="2020-12-03T10:46:13Z">
    <groups>
    </groups>
    <test name="Test" duration-ms="25555" started-at="2020-12-03T10:45:47Z" finished-at="2020-12-03T10:46:13Z">
      <class name="com.qa.testcases.LoginPageTest">
        <test-method status="PASS" signature="setUp()[pri:0, instance:com.qa.testcases.LoginPageTest@1794d431]" name="setUp" is-config="true" duration-ms="9777" started-at="2020-12-03T10:45:47Z" finished-at="2020-12-03T10:45:57Z">
          <reporter-output>
          </reporter-output>
        </test-method> <!-- setUp -->
        <test-method status="PASS" signature="loginPageTitleTest()[pri:1, instance:com.qa.testcases.LoginPageTest@1794d431]" name="loginPageTitleTest" duration-ms="26" started-at="2020-12-03T10:45:57Z" finished-at="2020-12-03T10:45:57Z">
          <reporter-output>
          </reporter-output>
        </test-method> <!-- loginPageTitleTest -->
        <test-method status="PASS" signature="tearDown()[pri:0, instance:com.qa.testcases.LoginPageTest@1794d431]" name="tearDown" is-config="true" duration-ms="707" started-at="2020-12-03T10:45:57Z" finished-at="2020-12-03T10:45:58Z">
          <reporter-output>
          </reporter-output>
        </test-method> <!-- tearDown -->
        <test-method status="PASS" signature="setUp()[pri:0, instance:com.qa.testcases.LoginPageTest@1794d431]" name="setUp" is-config="true" duration-ms="8577" started-at="2020-12-03T10:45:58Z" finished-at="2020-12-03T10:46:06Z">
          <reporter-output>
          </reporter-output>
        </test-method> <!-- setUp -->
        <test-method status="PASS" signature="loginTest()[pri:2, instance:com.qa.testcases.LoginPageTest@1794d431]" name="loginTest" duration-ms="5161" started-at="2020-12-03T10:46:06Z" finished-at="2020-12-03T10:46:11Z">
          <reporter-output>
          </reporter-output>
        </test-method> <!-- loginTest -->
        <test-method status="PASS" signature="tearDown()[pri:0, instance:com.qa.testcases.LoginPageTest@1794d431]" name="tearDown" is-config="true" duration-ms="1260" started-at="2020-12-03T10:46:11Z" finished-at="2020-12-03T10:46:13Z">
          <reporter-output>
          </reporter-output>
        </test-method> <!-- tearDown -->
      </class> <!-- com.qa.testcases.LoginPageTest -->
    </test> <!-- Test -->
  </suite> <!-- Suite -->
</testng-results>
